[{"line":1,"uri":"file:src/test/resources/features/RadioButton.feature","id":"select-specific-radio-button","keyword":"Feature","name":"Select specific radio button","description":"  As a user\n  I want to select a specific radio button on the web page\n  So that the correct option is chosen based on user input","elements":[{"start_timestamp":"2025-10-23T07:45:30.603Z","line":13,"id":"select-specific-radio-button;user-selects-a-specific-radio-button;;2","type":"scenario","keyword":"Scenario Outline","name":"User selects a specific radio button","description":"","steps":[{"keyword":"Given ","line":7,"match":{"location":"stepsDefination.radioButton.user_navigate_to_website_url()"},"name":"the user is on the radio button page","result":{"duration":8627100,"status":"failed","error_message":"java.lang.NullPointerException: Cannot invoke \"com.microsoft.playwright.Page.navigate(String)\" because \"this.page\" is null\r\n\tat stepsDefination.radioButton.user_navigate_to_website_url(radioButton.java:19)\r\n\tat ✽.the user is on the radio button page(file:///C:/Users/Niketan%20Gawade/eclipse-workspace/Playwright-java-testng-cucumber-framework-boilerplate/src/test/resources/features/RadioButton.feature:7)\r\n"}},{"keyword":"When ","line":8,"match":{"location":"stepsDefination.radioButton.select_radioOption(java.lang.String)","arguments":[{"val":"\"black\"","offset":21}]},"name":"the user selects the \"black\" option","result":{"duration":1014600,"status":"skipped"}},{"keyword":"Then ","line":9,"match":{"location":"stepsDefination.radioButton.select_radioOptionValidation(java.lang.String)","arguments":[{"val":"\"black\"","offset":4}]},"name":"the \"black\" radio button should be selected","result":{"duration":1000700,"status":"skipped"}}],"after":[{"match":{"location":"Base.Playwright_setupBrowser.tearDown(io.cucumber.java.Scenario)"},"result":{"duration":1047500,"status":"failed","error_message":"io.cucumber.core.exception.CucumberException: Failed to instantiate class Base.Playwright_setupBrowser\r\n\tat io.cucumber.core.backend.DefaultObjectFactory.cacheNewInstance(DefaultObjectFactory.java:67)\r\n\tat io.cucumber.core.backend.DefaultObjectFactory.getInstance(DefaultObjectFactory.java:45)\r\n\tat io.cucumber.java.AbstractGlueDefinition.invokeMethod(AbstractGlueDefinition.java:47)\r\n\tat io.cucumber.java.JavaHookDefinition.execute(JavaHookDefinition.java:68)\r\n\tat io.cucumber.core.runner.CoreHookDefinition.execute(CoreHookDefinition.java:47)\r\n\tat io.cucumber.core.runner.HookDefinitionMatch.runStep(HookDefinitionMatch.java:21)\r\n\tat io.cucumber.core.runner.ExecutionMode$1.execute(ExecutionMode.java:10)\r\n\tat io.cucumber.core.runner.TestStep.executeStep(TestStep.java:81)\r\n\tat io.cucumber.core.runner.TestStep.run(TestStep.java:53)\r\n\tat io.cucumber.core.runner.TestCase.run(TestCase.java:93)\r\n\tat io.cucumber.core.runner.Runner.runPickle(Runner.java:78)\r\n\tat io.cucumber.testng.TestNGCucumberRunner.lambda$runScenario$1(TestNGCucumberRunner.java:135)\r\n\tat io.cucumber.core.runtime.CucumberExecutionContext.lambda$runTestCase$5(CucumberExecutionContext.java:136)\r\n\tat io.cucumber.core.runtime.RethrowingThrowableCollector.executeAndThrow(RethrowingThrowableCollector.java:23)\r\n\tat io.cucumber.core.runtime.CucumberExecutionContext.runTestCase(CucumberExecutionContext.java:136)\r\n\tat io.cucumber.testng.TestNGCucumberRunner.runScenario(TestNGCucumberRunner.java:132)\r\n\tat io.cucumber.testng.AbstractTestNGCucumberTests.runScenario(AbstractTestNGCucumberTests.java:35)\r\n\tat java.base/jdk.internal.reflect.NativeMethodAccessorImpl.invoke0(Native Method)\r\n\tat java.base/jdk.internal.reflect.NativeMethodAccessorImpl.invoke(NativeMethodAccessorImpl.java:77)\r\n\tat java.base/jdk.internal.reflect.DelegatingMethodAccessorImpl.invoke(DelegatingMethodAccessorImpl.java:43)\r\n\tat java.base/java.lang.reflect.Method.invoke(Method.java:568)\r\n\tat org.testng.internal.invokers.MethodInvocationHelper.invokeMethod(MethodInvocationHelper.java:141)\r\n\tat org.testng.internal.invokers.TestInvoker.invokeMethod(TestInvoker.java:687)\r\n\tat org.testng.internal.invokers.TestInvoker.invokeTestMethod(TestInvoker.java:230)\r\n\tat org.testng.internal.invokers.MethodRunner.runInSequence(MethodRunner.java:63)\r\n\tat org.testng.internal.invokers.TestInvoker$MethodInvocationAgent.invoke(TestInvoker.java:995)\r\n\tat org.testng.internal.invokers.TestInvoker.invokeTestMethods(TestInvoker.java:203)\r\n\tat org.testng.internal.invokers.TestMethodWorker.invokeTestMethods(TestMethodWorker.java:154)\r\n\tat org.testng.internal.invokers.TestMethodWorker.run(TestMethodWorker.java:134)\r\n\tat java.base/java.util.ArrayList.forEach(ArrayList.java:1511)\r\n\tat org.testng.TestRunner.privateRun(TestRunner.java:741)\r\n\tat org.testng.TestRunner.run(TestRunner.java:616)\r\n\tat org.testng.SuiteRunner.runTest(SuiteRunner.java:421)\r\n\tat org.testng.SuiteRunner.runSequentially(SuiteRunner.java:413)\r\n\tat org.testng.SuiteRunner.privateRun(SuiteRunner.java:373)\r\n\tat org.testng.SuiteRunner.run(SuiteRunner.java:312)\r\n\tat org.testng.SuiteRunnerWorker.runSuite(SuiteRunnerWorker.java:52)\r\n\tat org.testng.SuiteRunnerWorker.run(SuiteRunnerWorker.java:95)\r\n\tat org.testng.TestNG.runSuitesSequentially(TestNG.java:1274)\r\n\tat org.testng.TestNG.runSuitesLocally(TestNG.java:1208)\r\n\tat org.testng.TestNG.runSuites(TestNG.java:1112)\r\n\tat org.testng.TestNG.run(TestNG.java:1079)\r\n\tat org.testng.remote.AbstractRemoteTestNG.run(AbstractRemoteTestNG.java:115)\r\n\tat org.testng.remote.RemoteTestNG.initAndRun(RemoteTestNG.java:293)\r\n\tat org.testng.remote.RemoteTestNG.main(RemoteTestNG.java:91)\r\nCaused by: java.lang.reflect.InvocationTargetException\r\n\tat java.base/jdk.internal.reflect.NativeConstructorAccessorImpl.newInstance0(Native Method)\r\n\tat java.base/jdk.internal.reflect.NativeConstructorAccessorImpl.newInstance(NativeConstructorAccessorImpl.java:77)\r\n\tat java.base/jdk.internal.reflect.DelegatingConstructorAccessorImpl.newInstance(DelegatingConstructorAccessorImpl.java:45)\r\n\tat java.base/java.lang.reflect.Constructor.newInstanceWithCaller(Constructor.java:499)\r\n\tat java.base/java.lang.reflect.Constructor.newInstance(Constructor.java:480)\r\n\tat io.cucumber.core.backend.DefaultObjectFactory.cacheNewInstance(DefaultObjectFactory.java:53)\r\n\t... 44 more\r\nCaused by: java.lang.Error: Unresolved compilation problem: \n\tSyntax error on token \"ublic\", public expected\n\r\n\tat Base.Playwright_setupBrowser.<init>(Playwright_setupBrowser.java:13)\r\n\t... 50 more\r\n"}}]}],"tags":[]},{"line":1,"uri":"file:src/test/resources/features/login.feature","id":"login-feature","keyword":"Feature","name":"Login Feature","description":"    In order to perform successful Login\n    As a User\n    I Have to enter correct username  and Password","elements":[{"start_timestamp":"2025-10-23T07:45:30.749Z","line":6,"id":"login-feature;login-to-automationframework-website-with-\"valid\"-user","type":"scenario","keyword":"Scenario","name":"Login to AutomationFramework website with \"valid\" user","description":"","steps":[{"keyword":"Given ","line":7,"match":{"location":"stepsDefination.loginPage.user_navigate_to_website_url()"},"name":"User navigate to website URL","result":{"duration":1000700,"status":"failed","error_message":"java.lang.NullPointerException: Cannot invoke \"com.microsoft.playwright.Page.navigate(String)\" because \"this.page\" is null\r\n\tat stepsDefination.loginPage.user_navigate_to_website_url(loginPage.java:21)\r\n\tat ✽.User navigate to website URL(file:///C:/Users/Niketan%20Gawade/eclipse-workspace/Playwright-java-testng-cucumber-framework-boilerplate/src/test/resources/features/login.feature:7)\r\n"}},{"keyword":"When ","line":8,"match":{"location":"stepsDefination.loginPage.user_validates_the_website_title()"},"name":"user validates the website title","result":{"duration":1001400,"status":"skipped"}},{"keyword":"Then ","line":9,"match":{"location":"stepsDefination.loginPage.user_enters_username_and_password(io.cucumber.datatable.DataTable)"},"name":"user enters username and password","result":{"status":"skipped"},"rows":[{"cells":["username","password"]},{"cells":["practice","SuperSecretPassword!"]}]},{"keyword":"And ","line":12,"match":{"location":"stepsDefination.loginPage.user_clicks_on_the_submit_button()"},"name":"user clicks on the submit button","result":{"duration":1001500,"status":"skipped"}}],"after":[{"match":{"location":"Base.Playwright_setupBrowser.tearDown(io.cucumber.java.Scenario)"},"result":{"status":"failed","error_message":"io.cucumber.core.exception.CucumberException: Failed to instantiate class Base.Playwright_setupBrowser\r\n\tat io.cucumber.core.backend.DefaultObjectFactory.cacheNewInstance(DefaultObjectFactory.java:67)\r\n\tat io.cucumber.core.backend.DefaultObjectFactory.getInstance(DefaultObjectFactory.java:45)\r\n\tat io.cucumber.java.AbstractGlueDefinition.invokeMethod(AbstractGlueDefinition.java:47)\r\n\tat io.cucumber.java.JavaHookDefinition.execute(JavaHookDefinition.java:68)\r\n\tat io.cucumber.core.runner.CoreHookDefinition.execute(CoreHookDefinition.java:47)\r\n\tat io.cucumber.core.runner.HookDefinitionMatch.runStep(HookDefinitionMatch.java:21)\r\n\tat io.cucumber.core.runner.ExecutionMode$1.execute(ExecutionMode.java:10)\r\n\tat io.cucumber.core.runner.TestStep.executeStep(TestStep.java:81)\r\n\tat io.cucumber.core.runner.TestStep.run(TestStep.java:53)\r\n\tat io.cucumber.core.runner.TestCase.run(TestCase.java:93)\r\n\tat io.cucumber.core.runner.Runner.runPickle(Runner.java:78)\r\n\tat io.cucumber.testng.TestNGCucumberRunner.lambda$runScenario$1(TestNGCucumberRunner.java:135)\r\n\tat io.cucumber.core.runtime.CucumberExecutionContext.lambda$runTestCase$5(CucumberExecutionContext.java:136)\r\n\tat io.cucumber.core.runtime.RethrowingThrowableCollector.executeAndThrow(RethrowingThrowableCollector.java:23)\r\n\tat io.cucumber.core.runtime.CucumberExecutionContext.runTestCase(CucumberExecutionContext.java:136)\r\n\tat io.cucumber.testng.TestNGCucumberRunner.runScenario(TestNGCucumberRunner.java:132)\r\n\tat io.cucumber.testng.AbstractTestNGCucumberTests.runScenario(AbstractTestNGCucumberTests.java:35)\r\n\tat java.base/jdk.internal.reflect.NativeMethodAccessorImpl.invoke0(Native Method)\r\n\tat java.base/jdk.internal.reflect.NativeMethodAccessorImpl.invoke(NativeMethodAccessorImpl.java:77)\r\n\tat java.base/jdk.internal.reflect.DelegatingMethodAccessorImpl.invoke(DelegatingMethodAccessorImpl.java:43)\r\n\tat java.base/java.lang.reflect.Method.invoke(Method.java:568)\r\n\tat org.testng.internal.invokers.MethodInvocationHelper.invokeMethod(MethodInvocationHelper.java:141)\r\n\tat org.testng.internal.invokers.TestInvoker.invokeMethod(TestInvoker.java:687)\r\n\tat org.testng.internal.invokers.TestInvoker.invokeTestMethod(TestInvoker.java:230)\r\n\tat org.testng.internal.invokers.MethodRunner.runInSequence(MethodRunner.java:63)\r\n\tat org.testng.internal.invokers.TestInvoker$MethodInvocationAgent.invoke(TestInvoker.java:995)\r\n\tat org.testng.internal.invokers.TestInvoker.invokeTestMethods(TestInvoker.java:203)\r\n\tat org.testng.internal.invokers.TestMethodWorker.invokeTestMethods(TestMethodWorker.java:154)\r\n\tat org.testng.internal.invokers.TestMethodWorker.run(TestMethodWorker.java:134)\r\n\tat java.base/java.util.ArrayList.forEach(ArrayList.java:1511)\r\n\tat org.testng.TestRunner.privateRun(TestRunner.java:741)\r\n\tat org.testng.TestRunner.run(TestRunner.java:616)\r\n\tat org.testng.SuiteRunner.runTest(SuiteRunner.java:421)\r\n\tat org.testng.SuiteRunner.runSequentially(SuiteRunner.java:413)\r\n\tat org.testng.SuiteRunner.privateRun(SuiteRunner.java:373)\r\n\tat org.testng.SuiteRunner.run(SuiteRunner.java:312)\r\n\tat org.testng.SuiteRunnerWorker.runSuite(SuiteRunnerWorker.java:52)\r\n\tat org.testng.SuiteRunnerWorker.run(SuiteRunnerWorker.java:95)\r\n\tat org.testng.TestNG.runSuitesSequentially(TestNG.java:1274)\r\n\tat org.testng.TestNG.runSuitesLocally(TestNG.java:1208)\r\n\tat org.testng.TestNG.runSuites(TestNG.java:1112)\r\n\tat org.testng.TestNG.run(TestNG.java:1079)\r\n\tat org.testng.remote.AbstractRemoteTestNG.run(AbstractRemoteTestNG.java:115)\r\n\tat org.testng.remote.RemoteTestNG.initAndRun(RemoteTestNG.java:293)\r\n\tat org.testng.remote.RemoteTestNG.main(RemoteTestNG.java:91)\r\nCaused by: java.lang.reflect.InvocationTargetException\r\n\tat java.base/jdk.internal.reflect.NativeConstructorAccessorImpl.newInstance0(Native Method)\r\n\tat java.base/jdk.internal.reflect.NativeConstructorAccessorImpl.newInstance(NativeConstructorAccessorImpl.java:77)\r\n\tat java.base/jdk.internal.reflect.DelegatingConstructorAccessorImpl.newInstance(DelegatingConstructorAccessorImpl.java:45)\r\n\tat java.base/java.lang.reflect.Constructor.newInstanceWithCaller(Constructor.java:499)\r\n\tat java.base/java.lang.reflect.Constructor.newInstance(Constructor.java:480)\r\n\tat io.cucumber.core.backend.DefaultObjectFactory.cacheNewInstance(DefaultObjectFactory.java:53)\r\n\t... 44 more\r\nCaused by: java.lang.Error: Unresolved compilation problem: \n\tSyntax error on token \"ublic\", public expected\n\r\n\tat Base.Playwright_setupBrowser.<init>(Playwright_setupBrowser.java:13)\r\n\t... 50 more\r\n"}}]}],"tags":[]}]