<?xml version="1.0" encoding="UTF-8"?>
<!-- Generated by org.testng.reporters.JUnitReportReporter -->
<testsuite hostname="DESKTOP-N54R2FB" failures="2" tests="2" name="testRunner.testRunner" time="15.064" errors="0" timestamp="2025-10-23T13:11:55 IST" skipped="0">
  <testcase classname="testRunner.testRunner" name="runScenario" time="9.384">
    <failure message="null" type="java.lang.AssertionError">
      <![CDATA[java.lang.AssertionError: null
at org.testng.Assert.fail(Assert.java:111)
at org.testng.Assert.fail(Assert.java:116)
at stepsDefination.radioButton.user_navigate_to_website_url(radioButton.java:20)
at ✽.the user is on the radio button page(file:///C:/Users/Niketan%20Gawade/eclipse-workspace/Playwright-java-testng-cucumber-framework-boilerplate/src/test/resources/features/RadioButton.feature:7)
]]>
    </failure>
  </testcase> <!-- runScenario -->
  <testcase classname="testRunner.testRunner" name="runScenario" time="5.680">
    <failure message="null" type="java.lang.AssertionError">
      <![CDATA[java.lang.AssertionError: null
at org.testng.Assert.fail(Assert.java:111)
at org.testng.Assert.fail(Assert.java:116)
at stepsDefination.loginPage.user_navigate_to_website_url(loginPage.java:23)
at ✽.User navigate to website URL(file:///C:/Users/Niketan%20Gawade/eclipse-workspace/Playwright-java-testng-cucumber-framework-boilerplate/src/test/resources/features/login.feature:7)
]]>
    </failure>
  </testcase> <!-- runScenario -->
</testsuite> <!-- testRunner.testRunner -->
